# JRE version: Java(TM) SE Runtime Environment (8.0_161-b12) (build 1.8.0_161-b12)
# Java VM: Java HotSpot(TM) 64-Bit Server VM (25.161-b12 mixed mode windows-amd64 compressed oops)
Heap:
 PSYoungGen      total 110592K, used 81666K [0x00000000f5e00000, 0x0000000100000000, 0x0000000100000000)
  eden space 55296K, 53% used [0x00000000f5e00000,0x00000000f7b28aa0,0x00000000f9400000)
  from space 55296K, 93% used [0x00000000fca00000,0x00000000ffc98000,0x0000000100000000)
  to   space 55296K, 0% used [0x00000000f9400000,0x00000000f9400000,0x00000000fca00000)
 ParOldGen       total 101376K, used 38252K [0x00000000e1a00000, 0x00000000e7d00000, 0x00000000f5e00000)
  object space 101376K, 37% used [0x00000000e1a00000,0x00000000e3f5b300,0x00000000e7d00000)
 Metaspace       used 3183K, capacity 4720K, committed 4864K, reserved 1056768K
  class space    used 340K, capacity 424K, committed 512K, reserved 1048576K
GC Heap History (10 events):
Event: 51.450 GC heap before
{Heap before GC invocations=17 (full 3):
 PSYoungGen      total 83968K, used 77952K [0x00000000f5e00000, 0x00000000fea80000, 0x0000000100000000)
  eden space 38912K, 100% used [0x00000000f5e00000,0x00000000f8400000,0x00000000f8400000)
  from space 45056K, 86% used [0x00000000f8400000,0x00000000faa20000,0x00000000fb000000)
  to   space 48640K, 0% used [0x00000000fbb00000,0x00000000fbb00000,0x00000000fea80000)
 ParOldGen       total 101376K, used 38252K [0x00000000e1a00000, 0x00000000e7d00000, 0x00000000f5e00000)
  object space 101376K, 37% used [0x00000000e1a00000,0x00000000e3f5b300,0x00000000e7d00000)
 Metaspace       used 3183K, capacity 4720K, committed 4864K, reserved 1056768K
  class space    used 340K, capacity 424K, committed 512K, reserved 1048576K
Event: 51.682 GC heap after
Heap after GC invocations=17 (full 3):
 PSYoungGen      total 92160K, used 39040K [0x00000000f5e00000, 0x00000000ff080000, 0x0000000100000000)
  eden space 43520K, 0% used [0x00000000f5e00000,0x00000000f5e00000,0x00000000f8880000)
  from space 48640K, 80% used [0x00000000fbb00000,0x00000000fe120000,0x00000000fea80000)
  to   space 51712K, 0% used [0x00000000f8880000,0x00000000f8880000,0x00000000fbb00000)
 ParOldGen       total 101376K, used 38252K [0x00000000e1a00000, 0x00000000e7d00000, 0x00000000f5e00000)
  object space 101376K, 37% used [0x00000000e1a00000,0x00000000e3f5b300,0x00000000e7d00000)
 Metaspace       used 3183K, capacity 4720K, committed 4864K, reserved 1056768K
  class space    used 340K, capacity 424K, committed 512K, reserved 1048576K
}
Event: 57.698 GC heap before
{Heap before GC invocations=18 (full 3):
 PSYoungGen      total 92160K, used 82560K [0x00000000f5e00000, 0x00000000ff080000, 0x0000000100000000)
  eden space 43520K, 100% used [0x00000000f5e00000,0x00000000f8880000,0x00000000f8880000)
  from space 48640K, 80% used [0x00000000fbb00000,0x00000000fe120000,0x00000000fea80000)
  to   space 51712K, 0% used [0x00000000f8880000,0x00000000f8880000,0x00000000fbb00000)
 ParOldGen       total 101376K, used 38252K [0x00000000e1a00000, 0x00000000e7d00000, 0x00000000f5e00000)
  object space 101376K, 37% used [0x00000000e1a00000,0x00000000e3f5b300,0x00000000e7d00000)
 Metaspace       used 3183K, capacity 4720K, committed 4864K, reserved 1056768K
  class space    used 340K, capacity 424K, committed 512K, reserved 1048576K
Event: 57.949 GC heap after
Heap after GC invocations=18 (full 3):
 PSYoungGen      total 95232K, used 43648K [0x00000000f5e00000, 0x00000000ffc80000, 0x0000000100000000)
  eden space 43520K, 0% used [0x00000000f5e00000,0x00000000f5e00000,0x00000000f8880000)
  from space 51712K, 84% used [0x00000000f8880000,0x00000000fb320000,0x00000000fbb00000)
  to   space 55296K, 0% used [0x00000000fc680000,0x00000000fc680000,0x00000000ffc80000)
 ParOldGen       total 101376K, used 38252K [0x00000000e1a00000, 0x00000000e7d00000, 0x00000000f5e00000)
  object space 101376K, 37% used [0x00000000e1a00000,0x00000000e3f5b300,0x00000000e7d00000)
 Metaspace       used 3183K, capacity 4720K, committed 4864K, reserved 1056768K
  class space    used 340K, capacity 424K, committed 512K, reserved 1048576K
}
Event: 63.427 GC heap before
{Heap before GC invocations=19 (full 3):
 PSYoungGen      total 95232K, used 87168K [0x00000000f5e00000, 0x00000000ffc80000, 0x0000000100000000)
  eden space 43520K, 100% used [0x00000000f5e00000,0x00000000f8880000,0x00000000f8880000)
  from space 51712K, 84% used [0x00000000f8880000,0x00000000fb320000,0x00000000fbb00000)
  to   space 55296K, 0% used [0x00000000fc680000,0x00000000fc680000,0x00000000ffc80000)
 ParOldGen       total 101376K, used 38252K [0x00000000e1a00000, 0x00000000e7d00000, 0x00000000f5e00000)
  object space 101376K, 37% used [0x00000000e1a00000,0x00000000e3f5b300,0x00000000e7d00000)
 Metaspace       used 3183K, capacity 4720K, committed 4864K, reserved 1056768K
  class space    used 340K, capacity 424K, committed 512K, reserved 1048576K
Event: 63.694 GC heap after
Heap after GC invocations=19 (full 3):
 PSYoungGen      total 107008K, used 43648K [0x00000000f5e00000, 0x00000000ffc80000, 0x0000000100000000)
  eden space 51712K, 0% used [0x00000000f5e00000,0x00000000f5e00000,0x00000000f9080000)
  from space 55296K, 78% used [0x00000000fc680000,0x00000000ff120000,0x00000000ffc80000)
  to   space 55296K, 0% used [0x00000000f9080000,0x00000000f9080000,0x00000000fc680000)
 ParOldGen       total 101376K, used 38252K [0x00000000e1a00000, 0x00000000e7d00000, 0x00000000f5e00000)
  object space 101376K, 37% used [0x00000000e1a00000,0x00000000e3f5b300,0x00000000e7d00000)
 Metaspace       used 3183K, capacity 4720K, committed 4864K, reserved 1056768K
  class space    used 340K, capacity 424K, committed 512K, reserved 1048576K
}
Event: 70.554 GC heap before
{Heap before GC invocations=20 (full 3):
 PSYoungGen      total 107008K, used 95360K [0x00000000f5e00000, 0x00000000ffc80000, 0x0000000100000000)
  eden space 51712K, 100% used [0x00000000f5e00000,0x00000000f9080000,0x00000000f9080000)
  from space 55296K, 78% used [0x00000000fc680000,0x00000000ff120000,0x00000000ffc80000)
  to   space 55296K, 0% used [0x00000000f9080000,0x00000000f9080000,0x00000000fc680000)
 ParOldGen       total 101376K, used 38252K [0x00000000e1a00000, 0x00000000e7d00000, 0x00000000f5e00000)
  object space 101376K, 37% used [0x00000000e1a00000,0x00000000e3f5b300,0x00000000e7d00000)
 Metaspace       used 3183K, capacity 4720K, committed 4864K, reserved 1056768K
  class space    used 340K, capacity 424K, committed 512K, reserved 1048576K
Event: 70.881 GC heap after
Heap after GC invocations=20 (full 3):
 PSYoungGen      total 107008K, used 51872K [0x00000000f5e00000, 0x0000000100000000, 0x0000000100000000)
  eden space 51712K, 0% used [0x00000000f5e00000,0x00000000f5e00000,0x00000000f9080000)
  from space 55296K, 93% used [0x00000000f9080000,0x00000000fc328000,0x00000000fc680000)
  to   space 55296K, 0% used [0x00000000fca00000,0x00000000fca00000,0x0000000100000000)
 ParOldGen       total 101376K, used 38252K [0x00000000e1a00000, 0x00000000e7d00000, 0x00000000f5e00000)
  object space 101376K, 37% used [0x00000000e1a00000,0x00000000e3f5b300,0x00000000e7d00000)
 Metaspace       used 3183K, capacity 4720K, committed 4864K, reserved 1056768K
  class space    used 340K, capacity 424K, committed 512K, reserved 1048576K
}
Event: 79.711 GC heap before
{Heap before GC invocations=21 (full 3):
 PSYoungGen      total 107008K, used 103584K [0x00000000f5e00000, 0x0000000100000000, 0x0000000100000000)
  eden space 51712K, 100% used [0x00000000f5e00000,0x00000000f9080000,0x00000000f9080000)
  from space 55296K, 93% used [0x00000000f9080000,0x00000000fc328000,0x00000000fc680000)
  to   space 55296K, 0% used [0x00000000fca00000,0x00000000fca00000,0x0000000100000000)
 ParOldGen       total 101376K, used 38252K [0x00000000e1a00000, 0x00000000e7d00000, 0x00000000f5e00000)
  object space 101376K, 37% used [0x00000000e1a00000,0x00000000e3f5b300,0x00000000e7d00000)
 Metaspace       used 3183K, capacity 4720K, committed 4864K, reserved 1056768K
  class space    used 340K, capacity 424K, committed 512K, reserved 1048576K
Event: 80.027 GC heap after
Heap after GC invocations=21 (full 3):
 PSYoungGen      total 110592K, used 51808K [0x00000000f5e00000, 0x0000000100000000, 0x0000000100000000)
  eden space 55296K, 0% used [0x00000000f5e00000,0x00000000f5e00000,0x00000000f9400000)
  from space 55296K, 93% used [0x00000000fca00000,0x00000000ffc98000,0x0000000100000000)
  to   space 55296K, 0% used [0x00000000f9400000,0x00000000f9400000,0x00000000fca00000)
 ParOldGen       total 101376K, used 38252K [0x00000000e1a00000, 0x00000000e7d00000, 0x00000000f5e00000)
  object space 101376K, 37% used [0x00000000e1a00000,0x00000000e3f5b300,0x00000000e7d00000)
 Metaspace       used 3183K, capacity 4720K, committed 4864K, reserved 1056768K
  class space    used 340K, capacity 424K, committed 512K, reserved 1048576K
}

